Build started 8/23/2012 4:39:48 PM.
     1>Project "C:\work\Proposals\GURU\Heavey Powder\product\ant+\ANT_USB_dll\software\ANT_Windows_Library_Package\ANT_Windows_Library_Package_v2.9.0\DEMO_LIB\DEMO_LIB.vcxproj" on node 3 (build target(s)).
     1>InitializeBuildStatus:
         Touching "Debug\DEMO_LIB.unsuccessfulbuild".
       ClCompile:
         All outputs are up-to-date.
       ManifestResourceCompile:
         All outputs are up-to-date.
       Link:
         C:\Program Files\Microsoft Visual Studio 10.0\VC\bin\link.exe /ERRORREPORT:PROMPT /OUT:"C:\work\Proposals\GURU\Heavey Powder\product\ant+\ANT_USB_dll\software\ANT_Windows_Library_Package\ANT_Windows_Library_Package_v2.9.0\Debug\DEMO_LIB.exe" /INCREMENTAL /NOLOGO /LIBPATH:"C:\work\Proposals\GURU\Heavey Powder\product\ant+\ANT_USB_dll\software\ANT_Windows_Library_Package\ANT_Windows_Library_Package_v2.9.0\Debug\\" /LIBPATH:"C:\work\Proposals\GURU\Heavey Powder\product\ant+\ANT_USB_dll\software\ANT_Windows_Library_Package\ANT_Windows_Library_Package_v2.9.0\Debug\\" ANT_LIB.lib ANT_LIB.lib kernel32.lib user32.lib gdi32.lib winspool.lib comdlg32.lib advapi32.lib shell32.lib ole32.lib oleaut32.lib uuid.lib odbc32.lib odbccp32.lib /MANIFEST /ManifestFile:"Debug\DEMO_LIB.exe.intermediate.manifest" /MANIFESTUAC:"level='asInvoker' uiAccess='false'" /DEBUG /PDB:"C:\work\Proposals\GURU\Heavey Powder\product\ant+\ANT_USB_dll\software\ANT_Windows_Library_Package\ANT_Windows_Library_Package_v2.9.0\Debug\DEMO_LIB.pdb" /SUBSYSTEM:CONSOLE /TLBID:1 /DYNAMICBASE /NXCOMPAT /IMPLIB:"C:\work\Proposals\GURU\Heavey Powder\product\ant+\ANT_USB_dll\software\ANT_Windows_Library_Package\ANT_Windows_Library_Package_v2.9.0\Debug\DEMO_LIB.lib" /MACHINE:X86 Debug\DEMO_LIB.exe.embed.manifest.res
         Debug\demo.obj
         "C:\work\Proposals\GURU\Heavey Powder\product\ant+\ANT_USB_dll\software\ANT_Windows_Library_Package\ANT_Windows_Library_Package_v2.9.0\Debug\ANT_Lib.lib"
       Manifest:
         C:\Program Files\Microsoft SDKs\Windows\v7.0A\bin\mt.exe /nologo /verbose /out:"Debug\DEMO_LIB.exe.embed.manifest" /manifest Debug\DEMO_LIB.exe.intermediate.manifest
         All outputs are up-to-date.
       LinkEmbedManifest:
         All outputs are up-to-date.
         DEMO_LIB.vcxproj -> C:\work\Proposals\GURU\Heavey Powder\product\ant+\ANT_USB_dll\software\ANT_Windows_Library_Package\ANT_Windows_Library_Package_v2.9.0\Debug\DEMO_LIB.exe
       FinalizeBuildStatus:
         Deleting file "Debug\DEMO_LIB.unsuccessfulbuild".
         Touching "Debug\DEMO_LIB.lastbuildstate".
     1>Done Building Project "C:\work\Proposals\GURU\Heavey Powder\product\ant+\ANT_USB_dll\software\ANT_Windows_Library_Package\ANT_Windows_Library_Package_v2.9.0\DEMO_LIB\DEMO_LIB.vcxproj" (build target(s)).

Build succeeded.

Time Elapsed 00:00:00.34
