Drill Listing
=============
Drill: .01  Tool: 1  Feed: 95  Speed: 300
X -108000  Y -71000
X -108000  Y -74500
X -104500  Y -74500
X -104500  Y -71000
X -44300  Y -104800
X -7400  Y -83500
X 6900  Y -104800
X 60400  Y -82900
X 60500  Y -104800
X 12700  Y -900
X 4400  Y -8600
X 2500  Y -27100
X 1900  Y -1900
X 1900  Y 1900
X 0  Y 0
X -900  Y -20200
X -1900  Y 1900
X -1900  Y -1900
X -2700  Y -10600
X -5600  Y 7400
X -9600  Y 2800
X -10300  Y -19100
X -10800  Y 7400
X -13000  Y -1500
X -13800  Y -8500
X -17400  Y 6800
X -19000  Y -17100
X -88100  Y 42600
X 1600  Y 10500
X 2500  Y 13800
X 4400  Y 8800
X 65900  Y 112800
X 57700  Y 87600
X 42400  Y 108500
X 42300  Y 101100
X 33000  Y 105000
X 18900  Y 86300
X 10900  Y 86300
X -95000  Y 97300
X -95000  Y 82500
X -104600  Y 112800
Drill: .03  Tool: 2  Feed: 197  Speed: 550
X -121200  Y -16450
Drill: .031  Tool: 3  Feed: 197  Speed: 550
X -52500  Y -105400
X -52500  Y -97500
X 0  Y -105400
X 0  Y -97500
X 50000  Y -105400
X 50000  Y -97500
X 50000  Y -89600
X 0  Y -89600
X -52500  Y -89600
X -52500  Y 104900
X -52500  Y 97000
X 0  Y 104900
X 0  Y 97000
X 50000  Y 97000
X 50000  Y 104900
X 50000  Y 112800
X 0  Y 112800
X -52500  Y 112800
Drill: .0311  Tool: 4  Feed: 197  Speed: 550
X 105000  Y -74625
X 105000  Y -82500
X 105000  Y -90374
Drill: .035  Tool: 5  Feed: 197  Speed: 550
X -99400  Y -93900
X -99400  Y -86500
X -99400  Y -79300
Drill: .035  Tool: 6  Feed: 197  Speed: 550
X -127736  Y -73838
X -127736  Y -91161
Drill: .063  Tool: 7  Feed: 89  Speed: 550
X -52500  Y -127500
X 0  Y -127500
X 50000  Y -127500
X -127500  Y 42500
X -127500  Y 82500
X -52500  Y 127500
X 0  Y 127500
X 50000  Y 127500
Drill: .07  Tool: 8  Feed: 81  Speed: 550
X -142500  Y -142500
X 142500  Y 142500
Drill: .094  Tool: 9  Feed: 66  Speed: 550
X -127500  Y -47500
X 90000  Y -127500
X 127500  Y -55000
X 127500  Y -92500
X 127500  Y -17500
X 127500  Y 17500
X 127500  Y 55000
X -127500  Y -2500
X 127500  Y 92500
Drill: .19  Tool: 10  Feed: 35  Speed: 1033
X -127500  Y -127500
X 127500  Y -127500
X 127500  Y 127500
X -127500  Y 127500
End of Listing
