Build started 8/23/2012 3:05:55 PM.
     1>Project "C:\work\Proposals\GURU\Heavey Powder\product\ant+\ANT_USB_dll\software\ANT_Windows_Library_Package\ANT_Windows_Library_Package_v2.9.0\DEMO_DLL\DEMO_DLL.vcxproj" on node 3 (build target(s)).
     1>InitializeBuildStatus:
         Touching "Debug\DEMO_DLL.unsuccessfulbuild".
       ClCompile:
         All outputs are up-to-date.
       ManifestResourceCompile:
         All outputs are up-to-date.
       Link:
         C:\Program Files\Microsoft Visual Studio 10.0\VC\bin\link.exe /ERRORREPORT:PROMPT /OUT:"C:\work\Proposals\GURU\Heavey Powder\product\ant+\ANT_USB_dll\software\ANT_Windows_Library_Package\ANT_Windows_Library_Package_v2.9.0\Debug\DEMO_DLL.exe" /INCREMENTAL /NOLOGO kernel32.lib user32.lib gdi32.lib winspool.lib comdlg32.lib advapi32.lib shell32.lib ole32.lib oleaut32.lib uuid.lib odbc32.lib odbccp32.lib /MANIFEST /ManifestFile:"Debug\DEMO_DLL.exe.intermediate.manifest" /MANIFESTUAC:"level='asInvoker' uiAccess='false'" /DEBUG /PDB:"C:\work\Proposals\GURU\Heavey Powder\product\ant+\ANT_USB_dll\software\ANT_Windows_Library_Package\ANT_Windows_Library_Package_v2.9.0\Debug\DEMO_DLL.pdb" /SUBSYSTEM:CONSOLE /TLBID:1 /DYNAMICBASE /NXCOMPAT /IMPLIB:"C:\work\Proposals\GURU\Heavey Powder\product\ant+\ANT_USB_dll\software\ANT_Windows_Library_Package\ANT_Windows_Library_Package_v2.9.0\Debug\DEMO_DLL.lib" /MACHINE:X86 Debug\DEMO_DLL.exe.embed.manifest.res
         Debug\demo.obj
         Debug\libant.obj
         "C:\work\Proposals\GURU\Heavey Powder\product\ant+\ANT_USB_dll\software\ANT_Windows_Library_Package\ANT_Windows_Library_Package_v2.9.0\Debug\ANT_DLL.lib"
       Manifest:
         C:\Program Files\Microsoft SDKs\Windows\v7.0A\bin\mt.exe /nologo /verbose /out:"Debug\DEMO_DLL.exe.embed.manifest" /manifest Debug\DEMO_DLL.exe.intermediate.manifest
         C:\Program Files\Microsoft SDKs\Windows\v7.0A\bin\rc.exe /nologo /fo"Debug\DEMO_DLL.exe.embed.manifest.res" Debug\DEMO_DLL_manifest.rc 
       LinkEmbedManifest:
         C:\Program Files\Microsoft Visual Studio 10.0\VC\bin\link.exe /ERRORREPORT:PROMPT /OUT:"C:\work\Proposals\GURU\Heavey Powder\product\ant+\ANT_USB_dll\software\ANT_Windows_Library_Package\ANT_Windows_Library_Package_v2.9.0\Debug\DEMO_DLL.exe" /INCREMENTAL /NOLOGO kernel32.lib user32.lib gdi32.lib winspool.lib comdlg32.lib advapi32.lib shell32.lib ole32.lib oleaut32.lib uuid.lib odbc32.lib odbccp32.lib /MANIFEST /ManifestFile:"Debug\DEMO_DLL.exe.intermediate.manifest" /MANIFESTUAC:"level='asInvoker' uiAccess='false'" /DEBUG /PDB:"C:\work\Proposals\GURU\Heavey Powder\product\ant+\ANT_USB_dll\software\ANT_Windows_Library_Package\ANT_Windows_Library_Package_v2.9.0\Debug\DEMO_DLL.pdb" /SUBSYSTEM:CONSOLE /TLBID:1 /DYNAMICBASE /NXCOMPAT /IMPLIB:"C:\work\Proposals\GURU\Heavey Powder\product\ant+\ANT_USB_dll\software\ANT_Windows_Library_Package\ANT_Windows_Library_Package_v2.9.0\Debug\DEMO_DLL.lib" /MACHINE:X86 Debug\DEMO_DLL.exe.embed.manifest.res
         Debug\demo.obj
         Debug\libant.obj
         "C:\work\Proposals\GURU\Heavey Powder\product\ant+\ANT_USB_dll\software\ANT_Windows_Library_Package\ANT_Windows_Library_Package_v2.9.0\Debug\ANT_DLL.lib"
         DEMO_DLL.vcxproj -> C:\work\Proposals\GURU\Heavey Powder\product\ant+\ANT_USB_dll\software\ANT_Windows_Library_Package\ANT_Windows_Library_Package_v2.9.0\Debug\DEMO_DLL.exe
       FinalizeBuildStatus:
         Deleting file "Debug\DEMO_DLL.unsuccessfulbuild".
         Touching "Debug\DEMO_DLL.lastbuildstate".
     1>Done Building Project "C:\work\Proposals\GURU\Heavey Powder\product\ant+\ANT_USB_dll\software\ANT_Windows_Library_Package\ANT_Windows_Library_Package_v2.9.0\DEMO_DLL\DEMO_DLL.vcxproj" (build target(s)).

Build succeeded.

Time Elapsed 00:00:03.62
