Build started 8/23/2012 9:26:57 AM.
     1>Project "C:\work\Proposals\GURU\Heavey Powder\product\ant+\ANT_PC_development\ANT_USB2_Windows_Package\DEMO_DLL\DEMO_DLL.vcxproj" on node 2 (build target(s)).
     1>PrepareForBuild:
         Creating directory "..\Debug\".
       InitializeBuildStatus:
         Creating "Debug\DEMO_DLL.unsuccessfulbuild" because "AlwaysCreate" was specified.
       ClCompile:
         C:\Program Files\Microsoft Visual Studio 10.0\VC\bin\CL.exe /c /I..\ANT_LIB\inc /ZI /nologo /W3 /WX- /Od /Oy- /D WIN32 /D _DEBUG /D _CONSOLE /D _UNICODE /D UNICODE /Gm /EHsc /RTC1 /MDd /GS /fp:precise /Zc:wchar_t /Zc:forScope /Fo"Debug\\" /Fd"Debug\vc100.pdb" /Gd /TP /analyze- /errorReport:prompt demo.cpp libant.cpp
         libant.cpp
         demo.cpp
     1>c:\work\proposals\guru\heavey powder\product\ant+\ant_pc_development\ant_usb2_windows_package\demo_dll\demo.cpp(154): warning C4996: 'scanf': This function or variable may be unsafe. Consider using scanf_s instead. To disable deprecation, use _CRT_SECURE_NO_WARNINGS. See online help for details.
                 c:\program files\microsoft visual studio 10.0\vc\include\stdio.h(304) : see declaration of 'scanf'
     1>c:\work\proposals\guru\heavey powder\product\ant+\ant_pc_development\ant_usb2_windows_package\demo_dll\demo.cpp(203): warning C4996: 'scanf': This function or variable may be unsafe. Consider using scanf_s instead. To disable deprecation, use _CRT_SECURE_NO_WARNINGS. See online help for details.
                 c:\program files\microsoft visual studio 10.0\vc\include\stdio.h(304) : see declaration of 'scanf'
     1>c:\work\proposals\guru\heavey powder\product\ant+\ant_pc_development\ant_usb2_windows_package\demo_dll\demo.cpp(222): warning C4996: 'scanf': This function or variable may be unsafe. Consider using scanf_s instead. To disable deprecation, use _CRT_SECURE_NO_WARNINGS. See online help for details.
                 c:\program files\microsoft visual studio 10.0\vc\include\stdio.h(304) : see declaration of 'scanf'
         Generating Code...
       ManifestResourceCompile:
         C:\Program Files\Microsoft SDKs\Windows\v7.0A\bin\rc.exe /nologo /fo"Debug\DEMO_DLL.exe.embed.manifest.res" Debug\DEMO_DLL_manifest.rc 
       Link:
         C:\Program Files\Microsoft Visual Studio 10.0\VC\bin\link.exe /ERRORREPORT:PROMPT /OUT:"..\Debug\DEMO_DLL.exe" /INCREMENTAL /NOLOGO kernel32.lib user32.lib gdi32.lib winspool.lib comdlg32.lib advapi32.lib shell32.lib ole32.lib oleaut32.lib uuid.lib odbc32.lib odbccp32.lib /MANIFEST /ManifestFile:"Debug\DEMO_DLL.exe.intermediate.manifest" /MANIFESTUAC:"level='asInvoker' uiAccess='false'" /DEBUG /PDB:"C:\work\Proposals\GURU\Heavey Powder\product\ant+\ANT_PC_development\ANT_USB2_Windows_Package\Debug\DEMO_DLL.pdb" /SUBSYSTEM:CONSOLE /TLBID:1 /DYNAMICBASE /NXCOMPAT /IMPLIB:"..\Debug\DEMO_DLL.lib" /MACHINE:X86 Debug\DEMO_DLL.exe.embed.manifest.res
         Debug\demo.obj
         Debug\libant.obj
       Manifest:
         C:\Program Files\Microsoft SDKs\Windows\v7.0A\bin\mt.exe /nologo /verbose /out:"Debug\DEMO_DLL.exe.embed.manifest" /manifest Debug\DEMO_DLL.exe.intermediate.manifest
         C:\Program Files\Microsoft SDKs\Windows\v7.0A\bin\rc.exe /nologo /fo"Debug\DEMO_DLL.exe.embed.manifest.res" Debug\DEMO_DLL_manifest.rc 
       LinkEmbedManifest:
         C:\Program Files\Microsoft Visual Studio 10.0\VC\bin\link.exe /ERRORREPORT:PROMPT /OUT:"..\Debug\DEMO_DLL.exe" /INCREMENTAL /NOLOGO kernel32.lib user32.lib gdi32.lib winspool.lib comdlg32.lib advapi32.lib shell32.lib ole32.lib oleaut32.lib uuid.lib odbc32.lib odbccp32.lib /MANIFEST /ManifestFile:"Debug\DEMO_DLL.exe.intermediate.manifest" /MANIFESTUAC:"level='asInvoker' uiAccess='false'" /DEBUG /PDB:"C:\work\Proposals\GURU\Heavey Powder\product\ant+\ANT_PC_development\ANT_USB2_Windows_Package\Debug\DEMO_DLL.pdb" /SUBSYSTEM:CONSOLE /TLBID:1 /DYNAMICBASE /NXCOMPAT /IMPLIB:"..\Debug\DEMO_DLL.lib" /MACHINE:X86 Debug\DEMO_DLL.exe.embed.manifest.res
         Debug\demo.obj
         Debug\libant.obj
         DEMO_DLL.vcxproj -> C:\work\Proposals\GURU\Heavey Powder\product\ant+\ANT_PC_development\ANT_USB2_Windows_Package\DEMO_DLL\..\Debug\DEMO_DLL.exe
       FinalizeBuildStatus:
         Deleting file "Debug\DEMO_DLL.unsuccessfulbuild".
         Touching "Debug\DEMO_DLL.lastbuildstate".
     1>Done Building Project "C:\work\Proposals\GURU\Heavey Powder\product\ant+\ANT_PC_development\ANT_USB2_Windows_Package\DEMO_DLL\DEMO_DLL.vcxproj" (build target(s)).

Build succeeded.

Time Elapsed 00:00:04.57
