Build started 8/23/2012 4:39:48 PM.
     1>Project "C:\work\Proposals\GURU\Heavey Powder\product\ant+\ANT_USB_dll\software\ANT_Windows_Library_Package\ANT_Windows_Library_Package_v2.9.0\ANT_Unmanaged_Wrapper\ANT_Unmanaged_Wrapper.vcxproj" on node 3 (build target(s)).
     1>InitializeBuildStatus:
         Touching "Debug\ANT_Unmanaged_Wrapper.unsuccessfulbuild".
       ClCompile:
         All outputs are up-to-date.
       ResourceCompile:
         All outputs are up-to-date.
       ManifestResourceCompile:
         All outputs are up-to-date.
     1>C:\Program Files\MSBuild\Microsoft.Cpp\v4.0\Microsoft.CppBuild.targets(990,5): warning MSB8012: TargetPath(C:\work\Proposals\GURU\Heavey Powder\product\ant+\ANT_USB_dll\software\ANT_Windows_Library_Package\ANT_Windows_Library_Package_v2.9.0\\Debug\ANT_Unmanaged_Wrapper.dll) does not match the Linker's OutputFile property value (C:\work\Proposals\GURU\Heavey Powder\product\ant+\ANT_USB_dll\software\ANT_Windows_Library_Package\ANT_Windows_Library_Package_v2.9.0\Debug\ANT_WrappedLib.dll). This may cause your project to build incorrectly. To correct this, please make sure that $(OutDir), $(TargetName) and $(TargetExt) property values match the value specified in %(Link.OutputFile).
     1>C:\Program Files\MSBuild\Microsoft.Cpp\v4.0\Microsoft.CppBuild.targets(992,5): warning MSB8012: TargetName(ANT_Unmanaged_Wrapper) does not match the Linker's OutputFile property value (ANT_WrappedLib). This may cause your project to build incorrectly. To correct this, please make sure that $(OutDir), $(TargetName) and $(TargetExt) property values match the value specified in %(Link.OutputFile).
       Link:
         All outputs are up-to-date.
       Manifest:
         All outputs are up-to-date.
       PostBuildEvent:
         Description: Copy DLLs
         copy "..\ANT_LIB\libraries\DSI_CP210xManufacturing_3_1.dll" "C:\work\Proposals\GURU\Heavey Powder\product\ant+\ANT_USB_dll\software\ANT_Windows_Library_Package\ANT_Windows_Library_Package_v2.9.0\\Debug\"
         copy "..\ANT_LIB\libraries\DSI_SiUSBXp_3_1.dll" "C:\work\Proposals\GURU\Heavey Powder\product\ant+\ANT_USB_dll\software\ANT_Windows_Library_Package\ANT_Windows_Library_Package_v2.9.0\\Debug\"
         
         :VCEnd
                 1 file(s) copied.
                 1 file(s) copied.
       FinalizeBuildStatus:
         Deleting file "Debug\ANT_Unmanaged_Wrapper.unsuccessfulbuild".
         Touching "Debug\ANT_Unmanaged_Wrapper.lastbuildstate".
     1>Done Building Project "C:\work\Proposals\GURU\Heavey Powder\product\ant+\ANT_USB_dll\software\ANT_Windows_Library_Package\ANT_Windows_Library_Package_v2.9.0\ANT_Unmanaged_Wrapper\ANT_Unmanaged_Wrapper.vcxproj" (build target(s)).

Build succeeded.

Time Elapsed 00:00:00.25
